<?xml version="1.0" encoding="utf-8"?><testsuites name="pytest tests"><testsuite name="pytest" errors="0" failures="0" skipped="0" tests="3" time="5.346" timestamp="2026-08-17T01:51:57.435171+00:00" hostname="agent-env-561265ac-80b3-48f3-965a-0251465d617c"><testcase classname="tests.test_tracker_api" name="test_root_and_list" time="0.556" /><testcase classname="tests.test_tracker_api" name="test_create_persist_delete" time="0.990" /><testcase classname="tests.test_tracker_api" name="test_validation_and_evidence" time="0.772" /></testsuite></testsuites>