<?xml version="1.0" encoding="utf-8"?><testsuites name="pytest tests"><testsuite name="pytest" errors="0" failures="0" skipped="0" tests="11" time="7.760" timestamp="2026-08-21T01:12:30.983578+00:00" hostname="agent-env-561265ac-80b3-48f3-965a-0251465d617c"><testcase classname="tests.test_kasflow_api" name="test_root" time="0.457" /><testcase classname="tests.test_kasflow_api" name="test_list_transactions_returns_list" time="0.203" /><testcase classname="tests.test_kasflow_api" name="test_create_transaction_cash_in" time="1.128" /><testcase classname="tests.test_kasflow_api" name="test_create_transaction_cash_out" time="0.382" /><testcase classname="tests.test_kasflow_api" name="test_create_transaction_invalid_type" time="0.183" /><testcase classname="tests.test_kasflow_api" name="test_upload_evidence_png" time="0.265" /><testcase classname="tests.test_kasflow_api" name="test_upload_evidence_invalid_type" time="0.269" /><testcase classname="tests.test_kasflow_api" name="test_get_evidence_streams_content" time="0.753" /><testcase classname="tests.test_kasflow_api" name="test_get_evidence_invalid_objectid" time="0.165" /><testcase classname="tests.test_kasflow_api" name="test_delete_transaction_cascades_evidence" time="1.371" /><testcase classname="tests.test_kasflow_api" name="test_delete_nonexistent_transaction" time="0.213" /></testsuite></testsuites>